<?xml version="1.0" encoding="UTF-8"?>
<!-- Generated by org.testng.reporters.JUnitXMLReporter -->
<testsuite hostname="Choudhary" ignored="0" name="Command line test" tests="2" failures="0" timestamp="2022-12-03T18:52:16 IST" time="16.963" errors="0">
  <testcase name="runScenario" time="14.552" classname="io.cucumber.testng.AbstractTestNGCucumberTests"/>
  <testcase name="runScenario" time="0.999" classname="io.cucumber.testng.AbstractTestNGCucumberTests"/>
</testsuite> <!-- Command line test -->
